<?xml version="1.0" encoding="UTF-8"?>
<!-- Generated by org.testng.reporters.JUnitReportReporter -->
<testsuite skipped="3" hostname="Hassan-PC" name="WordpressQA.SignInErrorHandling" tests="4" failures="0" timestamp="09 Oct 2018 16:14:59 GMT" time="116.226" errors="0">
  <testcase name="InvalidPwdCriteria" time="116.226" classname="WordpressQA.SignInErrorHandling"/>
  <testcase name="PasswordNotMatched" classname="WordpressQA.SignInErrorHandling">
    <skipped/>
  </testcase> <!-- PasswordNotMatched -->
  <testcase name="InvalidCredentials" classname="WordpressQA.SignInErrorHandling">
    <skipped/>
  </testcase> <!-- InvalidCredentials -->
  <testcase name="EmailNotFound" classname="WordpressQA.SignInErrorHandling">
    <skipped/>
  </testcase> <!-- EmailNotFound -->
</testsuite> <!-- WordpressQA.SignInErrorHandling -->
