<?xml version="1.0" encoding="UTF-8"?>
<!-- Generated by org.testng.reporters.JUnitReportReporter -->
<testsuite skipped="0" hostname="Hassan-PC" name="Deployment.Contactus_Errorhandling" tests="1" failures="0" timestamp="13 Dec 2018 13:24:51 GMT" time="23.847" errors="0">
  <testcase name="Missing_Fields" time="23.847" classname="Deployment.Contactus_Errorhandling"/>
</testsuite> <!-- Deployment.Contactus_Errorhandling -->
