<?xml version="1.0" encoding="UTF-8"?>
<!-- Generated by org.testng.reporters.JUnitReportReporter -->
<testsuite hostname="Hassan-PC" failures="0" tests="5" name="mm.SignUpErrorHandling" time="181.809" errors="0" timestamp="18 Sep 2018 11:03:10 GMT" skipped="0">
  <testcase classname="mm.SignUpErrorHandling" name="InvalidEmail" time="35.546"/>
  <testcase classname="mm.SignUpErrorHandling" name="InvalidPassword" time="36.749"/>
  <testcase classname="mm.SignUpErrorHandling" name="PasswordNotMatch" time="36.345"/>
  <testcase classname="mm.SignUpErrorHandling" name="TermsNotChecked" time="34.913"/>
  <testcase classname="mm.SignUpErrorHandling" name="MissingField" time="38.256"/>
</testsuite> <!-- mm.SignUpErrorHandling -->
