<?xml version="1.0" encoding="UTF-8"?>
<!-- Generated by org.testng.reporters.JUnitReportReporter -->
<testsuite skipped="0" hostname="Hassan-PC" name="Deployment.SignUpErrorHandling" tests="2" failures="0" timestamp="13 Dec 2018 13:24:51 GMT" time="43.762" errors="0">
  <testcase name="InvalidEmail" time="21.860" classname="Deployment.SignUpErrorHandling"/>
  <testcase name="PasswordNotMatch" time="21.902" classname="Deployment.SignUpErrorHandling"/>
</testsuite> <!-- Deployment.SignUpErrorHandling -->
