<?xml version="1.0" encoding="UTF-8"?>
<!-- Generated by org.testng.reporters.JUnitReportReporter -->
<testsuite hostname="Hassan-PC" failures="0" tests="5" name="mm.errorhandling" time="38.008" errors="0" timestamp="17 Sep 2018 12:49:34 GMT" skipped="4">
  <testcase classname="mm.errorhandling" name="signupE5" time="38.008"/>
  <testcase classname="mm.errorhandling" name="signupE3">
    <skipped/>
  </testcase> <!-- signupE3 -->
  <testcase classname="mm.errorhandling" name="signupE2">
    <skipped/>
  </testcase> <!-- signupE2 -->
  <testcase classname="mm.errorhandling" name="signupE4">
    <skipped/>
  </testcase> <!-- signupE4 -->
  <testcase classname="mm.errorhandling" name="signupE1">
    <skipped/>
  </testcase> <!-- signupE1 -->
</testsuite> <!-- mm.errorhandling -->
