<?xml version="1.0" encoding="UTF-8"?>
<!-- Generated by org.testng.reporters.JUnitReportReporter -->
<testsuite skipped="0" hostname="Hassan-PC" name="WordpressQA.ForgotPassword" tests="1" failures="0" timestamp="19 Oct 2018 11:31:15 GMT" time="118.996" errors="0">
  <testcase name="ForgotPwd" time="118.996" classname="WordpressQA.ForgotPassword"/>
</testsuite> <!-- WordpressQA.ForgotPassword -->
