<?xml version="1.0" encoding="UTF-8"?>
<!-- Generated by org.testng.reporters.JUnitReportReporter -->
<testsuite skipped="0" hostname="Hassan-PC" name="POM.TestCase.Verify_Login" tests="1" failures="0" timestamp="05 Nov 2018 17:22:48 GMT" time="16.844" errors="0">
  <testcase name="checkValidCredentials" time="16.844" classname="POM.TestCase.Verify_Login"/>
</testsuite> <!-- POM.TestCase.Verify_Login -->
