<?xml version="1.0" encoding="UTF-8"?>
<!-- Generated by org.testng.reporters.JUnitReportReporter -->
<testsuite skipped="0" hostname="Hassan-PC" name="POM.TestCase.Verify_Cancelsignup" tests="1" failures="0" timestamp="05 Nov 2018 17:22:48 GMT" time="31.940" errors="0">
  <testcase name="validate_cancelsignup" time="31.940" classname="POM.TestCase.Verify_Cancelsignup"/>
</testsuite> <!-- POM.TestCase.Verify_Cancelsignup -->
