<?xml version="1.0" encoding="UTF-8"?>
<!-- Generated by org.testng.reporters.JUnitReportReporter -->
<testsuite skipped="0" hostname="Hassan-PC" name="POM.TestCase.SignUpErrorHandling" tests="2" failures="0" timestamp="05 Nov 2018 17:22:48 GMT" time="44.247" errors="0">
  <testcase name="InvalidEmail" time="22.076" classname="POM.TestCase.SignUpErrorHandling"/>
  <testcase name="PasswordNotMatch" time="22.171" classname="POM.TestCase.SignUpErrorHandling"/>
</testsuite> <!-- POM.TestCase.SignUpErrorHandling -->
