<?xml version="1.0" encoding="UTF-8"?>
<!-- Generated by org.testng.reporters.JUnitReportReporter -->
<testsuite skipped="0" hostname="Hassan-PC" name="WordpressQA.ContactUsErrorHandling" tests="1" failures="0" timestamp="19 Oct 2018 11:35:04 GMT" time="30.645" errors="0">
  <testcase name="MissingFields" time="30.645" classname="WordpressQA.ContactUsErrorHandling"/>
</testsuite> <!-- WordpressQA.ContactUsErrorHandling -->
