<?xml version="1.0" encoding="UTF-8"?>
<!-- Generated by org.testng.reporters.JUnitReportReporter -->
<testsuite skipped="0" hostname="Hassan-PC" name="POM.TestCase.Verify_Cancelsignup" tests="1" failures="0" timestamp="15 Nov 2018 16:24:28 GMT" time="33.421" errors="0">
  <testcase name="validate_cancelsignup" time="33.421" classname="POM.TestCase.Verify_Cancelsignup"/>
</testsuite> <!-- POM.TestCase.Verify_Cancelsignup -->
