<?xml version="1.0" encoding="UTF-8"?>
<!-- Generated by org.testng.reporters.JUnitReportReporter -->
<testsuite skipped="2" hostname="Hassan-PC" name="WordpressQA.SignInErrorHandling" tests="3" failures="0" timestamp="30 Oct 2018 17:49:13 GMT" time="28.203" errors="0">
  <testcase name="InvalidCredentials" time="28.203" classname="WordpressQA.SignInErrorHandling"/>
  <testcase name="EmailNotFound" classname="WordpressQA.SignInErrorHandling">
    <skipped/>
  </testcase> <!-- EmailNotFound -->
  <testcase name="InvalidPwdCriteria" classname="WordpressQA.SignInErrorHandling">
    <skipped/>
  </testcase> <!-- InvalidPwdCriteria -->
</testsuite> <!-- WordpressQA.SignInErrorHandling -->
