<?xml version="1.0" encoding="UTF-8"?>
<!-- Generated by org.testng.reporters.JUnitReportReporter -->
<testsuite skipped="0" hostname="Hassan-PC" name="WordpressQA.women" tests="1" failures="0" timestamp="04 Oct 2018 12:44:50 GMT" time="56.470" errors="0">
  <testcase name="Women" time="56.470" classname="WordpressQA.women"/>
</testsuite> <!-- WordpressQA.women -->
