<?xml version="1.0" encoding="UTF-8"?>
<!-- Generated by org.testng.reporters.JUnitReportReporter -->
<testsuite skipped="0" hostname="Hassan-PC" name="library.FindBrokenLink" tests="1" failures="0" timestamp="07 Nov 2018 13:43:40 GMT" time="58.164" errors="0">
  <testcase name="getBrokenLinks" time="58.164" classname="library.FindBrokenLink"/>
</testsuite> <!-- library.FindBrokenLink -->
