<?xml version="1.0" encoding="UTF-8"?>
<!-- Generated by org.testng.reporters.JUnitReportReporter -->
<testsuite hostname="Hassan-PC" failures="0" tests="5" name="mm.SignUpErrorHandling" time="38.823" errors="0" timestamp="17 Sep 2018 14:52:46 GMT" skipped="4">
  <testcase classname="mm.SignUpErrorHandling" name="signupE5" time="38.823"/>
  <testcase classname="mm.SignUpErrorHandling" name="signupE1">
    <skipped/>
  </testcase> <!-- signupE1 -->
  <testcase classname="mm.SignUpErrorHandling" name="signupE4">
    <skipped/>
  </testcase> <!-- signupE4 -->
  <testcase classname="mm.SignUpErrorHandling" name="signupE2">
    <skipped/>
  </testcase> <!-- signupE2 -->
  <testcase classname="mm.SignUpErrorHandling" name="signupE3">
    <skipped/>
  </testcase> <!-- signupE3 -->
</testsuite> <!-- mm.SignUpErrorHandling -->
