<?xml version="1.0" encoding="UTF-8"?>
<!-- Generated by org.testng.reporters.JUnitReportReporter -->
<testsuite skipped="0" hostname="Hassan-PC" name="Deployment.Verify_Badge_Number" tests="1" failures="0" timestamp="13 Dec 2018 13:24:51 GMT" time="66.811" errors="0">
  <testcase name="validate_Badge_number" time="66.811" classname="Deployment.Verify_Badge_Number"/>
</testsuite> <!-- Deployment.Verify_Badge_Number -->
