<?xml version="1.0" encoding="UTF-8"?>
<!-- Generated by org.testng.reporters.JUnitReportReporter -->
<testsuite skipped="0" hostname="Hassan-PC" name="POM.TestCase.Verify_Forgot_Password" tests="1" failures="0" timestamp="10 Dec 2018 12:32:42 GMT" time="90.143" errors="0">
  <testcase name="validate_forgot_password" time="90.143" classname="POM.TestCase.Verify_Forgot_Password"/>
</testsuite> <!-- POM.TestCase.Verify_Forgot_Password -->
