<?xml version="1.0" encoding="UTF-8"?>
<!-- Generated by org.testng.reporters.JUnitReportReporter -->
<testsuite skipped="0" hostname="Hassan-PC" name="Deployment.Verify_FittingRoom_ProductDetail" tests="1" failures="0" timestamp="29 Nov 2018 14:04:50 GMT" time="76.938" errors="0">
  <testcase name="validate_fittingRoom_ProductDetail" time="76.938" classname="Deployment.Verify_FittingRoom_ProductDetail"/>
</testsuite> <!-- Deployment.Verify_FittingRoom_ProductDetail -->
