<?xml version="1.0" encoding="UTF-8"?>
<!-- Generated by org.testng.reporters.JUnitReportReporter -->
<testsuite skipped="0" hostname="Hassan-PC" name="Deployment.Signin_Errorhandling" tests="5" failures="0" timestamp="13 Dec 2018 13:24:51 GMT" time="215.674" errors="0">
  <testcase name="Invalidcrdentials" time="17.682" classname="Deployment.Signin_Errorhandling"/>
  <testcase name="InvalidEmail" time="18.647" classname="Deployment.Signin_Errorhandling"/>
  <testcase name="EmailNotFound" time="18.681" classname="Deployment.Signin_Errorhandling"/>
  <testcase name="InvalidPwdCriteria" time="80.788" classname="Deployment.Signin_Errorhandling"/>
  <testcase name="PasswordNotMatched" time="79.876" classname="Deployment.Signin_Errorhandling"/>
</testsuite> <!-- Deployment.Signin_Errorhandling -->
