<?xml version="1.0" encoding="UTF-8"?>
<!-- Generated by org.testng.reporters.JUnitReportReporter -->
<testsuite skipped="0" hostname="Hassan-PC" name="POM.TestCase.Contactus_Errorhandling" tests="1" failures="0" timestamp="05 Nov 2018 17:22:48 GMT" time="24.194" errors="0">
  <testcase name="Missing_Fields" time="24.194" classname="POM.TestCase.Contactus_Errorhandling"/>
</testsuite> <!-- POM.TestCase.Contactus_Errorhandling -->
