<?xml version="1.0" encoding="UTF-8"?>
<!-- Generated by org.testng.reporters.JUnitReportReporter -->
<testsuite hostname="Hassan-PC" failures="0" tests="3" name="mm.SignInErrorHandling" time="75.398" errors="0" timestamp="18 Sep 2018 11:03:10 GMT" skipped="0">
  <testcase classname="mm.SignInErrorHandling" name="InvalidCredentials" time="24.643"/>
  <testcase classname="mm.SignInErrorHandling" name="InvalidEmail" time="25.290"/>
  <testcase classname="mm.SignInErrorHandling" name="EmailNotFound" time="25.465"/>
</testsuite> <!-- mm.SignInErrorHandling -->
