<?xml version="1.0" encoding="UTF-8"?>
<!-- Generated by org.testng.reporters.JUnitReportReporter -->
<testsuite hostname="Hassan-PC" failures="0" tests="2" name="mm.ContactUsErrorHandling" time="22.772" errors="0" timestamp="18 Sep 2018 17:32:37 GMT" skipped="1">
  <testcase classname="mm.ContactUsErrorHandling" name="MissingFields" time="22.772"/>
  <testcase classname="mm.ContactUsErrorHandling" name="InvalidEmail">
    <skipped/>
  </testcase> <!-- InvalidEmail -->
</testsuite> <!-- mm.ContactUsErrorHandling -->
