<?xml version="1.0" encoding="UTF-8"?>
<!-- Generated by org.testng.reporters.JUnitReportReporter -->
<testsuite hostname="Hassan-PC" failures="0" tests="5" name="mm.SignInErrorHandling" time="84.104" errors="0" timestamp="18 Sep 2018 14:54:17 GMT" skipped="4">
  <testcase classname="mm.SignInErrorHandling" name="PasswordNotMatched" time="84.104"/>
  <testcase classname="mm.SignInErrorHandling" name="InvalidPwdCriteria">
    <skipped/>
  </testcase> <!-- InvalidPwdCriteria -->
  <testcase classname="mm.SignInErrorHandling" name="EmailNotFound">
    <skipped/>
  </testcase> <!-- EmailNotFound -->
  <testcase classname="mm.SignInErrorHandling" name="InvalidEmail">
    <skipped/>
  </testcase> <!-- InvalidEmail -->
  <testcase classname="mm.SignInErrorHandling" name="InvalidCredentials">
    <skipped/>
  </testcase> <!-- InvalidCredentials -->
</testsuite> <!-- mm.SignInErrorHandling -->
