<?xml version="1.0" encoding="UTF-8"?>
<!-- Generated by org.testng.reporters.JUnitReportReporter -->
<testsuite skipped="0" hostname="Hassan-PC" name="POM.TestCase.Verify_favourite" tests="1" failures="0" timestamp="15 Nov 2018 16:24:28 GMT" time="106.908" errors="0">
  <testcase name="validate_favourite" time="106.908" classname="POM.TestCase.Verify_favourite"/>
</testsuite> <!-- POM.TestCase.Verify_favourite -->
