<?xml version="1.0" encoding="UTF-8"?>
<!-- Generated by org.testng.reporters.JUnitReportReporter -->
<testsuite skipped="0" hostname="Hassan-PC" name="Deployment.Verify_Fitting_Room_Hanger" tests="1" failures="0" timestamp="13 Dec 2018 13:24:51 GMT" time="55.398" errors="0">
  <testcase name="validate_Fitting_Room_Hanger" time="55.398" classname="Deployment.Verify_Fitting_Room_Hanger"/>
</testsuite> <!-- Deployment.Verify_Fitting_Room_Hanger -->
