<?xml version="1.0" encoding="UTF-8"?>
<!-- Generated by org.testng.reporters.JUnitReportReporter -->
<testsuite skipped="0" hostname="Hassan-PC" name="Deployment.WomenTest" tests="1" failures="0" timestamp="13 Dec 2018 13:24:51 GMT" time="54.614" errors="0">
  <testcase name="validate_women" time="54.614" classname="Deployment.WomenTest"/>
</testsuite> <!-- Deployment.WomenTest -->
