<?xml version="1.0" encoding="UTF-8"?>
<!-- Generated by org.testng.reporters.JUnitReportReporter -->
<testsuite skipped="0" hostname="Hassan-PC" name="POM.TestCase.Verify_Contactus" tests="1" failures="0" timestamp="06 Nov 2018 14:25:19 GMT" time="29.151" errors="0">
  <testcase name="validate_contactus" time="29.151" classname="POM.TestCase.Verify_Contactus"/>
</testsuite> <!-- POM.TestCase.Verify_Contactus -->
