<?xml version="1.0" encoding="UTF-8"?>
<!-- Generated by org.testng.reporters.JUnitReportReporter -->
<testsuite skipped="0" hostname="Hassan-PC" name="WordpressQA.ContactUs" tests="1" failures="0" timestamp="19 Oct 2018 11:34:13 GMT" time="48.483" errors="0">
  <testcase name="contactus" time="48.483" classname="WordpressQA.ContactUs"/>
</testsuite> <!-- WordpressQA.ContactUs -->
