<?xml version="1.0" encoding="UTF-8"?>
<!-- Generated by org.testng.reporters.JUnitReportReporter -->
<testsuite skipped="0" hostname="Hassan-PC" name="Deployment.FindBrokenLink" tests="1" failures="0" timestamp="10 Dec 2018 15:24:47 GMT" time="54.115" errors="0">
  <testcase name="getBrokenLinks" time="54.115" classname="Deployment.FindBrokenLink"/>
</testsuite> <!-- Deployment.FindBrokenLink -->
