<?xml version="1.0" encoding="UTF-8"?>
<!-- Generated by org.testng.reporters.JUnitReportReporter -->
<testsuite skipped="0" hostname="Hassan-PC" name="POM.TestCase.Verify_Fitting_Room_Hanger" tests="1" failures="0" timestamp="18 Oct 2018 10:45:49 GMT" time="51.381" errors="0">
  <testcase name="validate_Fitting_Room_Hanger" time="51.381" classname="POM.TestCase.Verify_Fitting_Room_Hanger"/>
</testsuite> <!-- POM.TestCase.Verify_Fitting_Room_Hanger -->
