<?xml version="1.0" encoding="UTF-8"?>
<!-- Generated by org.testng.reporters.JUnitReportReporter -->
<testsuite skipped="0" hostname="Hassan-PC" name="POM.TestCase.Test_Base" tests="1" failures="0" timestamp="28 Nov 2018 15:10:55 GMT" time="10.457" errors="0">
  <testcase name="verify_title" time="10.457" classname="POM.TestCase.Test_Base"/>
</testsuite> <!-- POM.TestCase.Test_Base -->
