<?xml version="1.0" encoding="UTF-8"?>
<!-- Generated by org.testng.reporters.JUnitReportReporter -->
<testsuite skipped="0" hostname="Hassan-PC" name="Deployment.Verify_Shop_Checkout" tests="1" failures="0" timestamp="13 Dec 2018 13:24:51 GMT" time="86.165" errors="0">
  <testcase name="validate_shop_checkout" time="86.165" classname="Deployment.Verify_Shop_Checkout"/>
</testsuite> <!-- Deployment.Verify_Shop_Checkout -->
