<?xml version="1.0" encoding="UTF-8"?>
<!-- Generated by org.testng.reporters.JUnitReportReporter -->
<testsuite skipped="0" hostname="Hassan-PC" name="Deployment.Verify_Contactus" tests="1" failures="0" timestamp="13 Dec 2018 13:24:51 GMT" time="28.638" errors="0">
  <testcase name="validate_contactus" time="28.638" classname="Deployment.Verify_Contactus"/>
</testsuite> <!-- Deployment.Verify_Contactus -->
