<?xml version="1.0" encoding="UTF-8"?>
<!-- Generated by org.testng.reporters.JUnitReportReporter -->
<testsuite skipped="0" hostname="Hassan-PC" name="WordpressQA.Men" tests="1" failures="0" timestamp="08 Oct 2018 17:56:57 GMT" time="44.302" errors="0">
  <testcase name="men" time="44.302" classname="WordpressQA.Men"/>
</testsuite> <!-- WordpressQA.Men -->
