<?xml version="1.0" encoding="UTF-8"?>
<!-- Generated by org.testng.reporters.JUnitReportReporter -->
<testsuite skipped="0" hostname="Hassan-PC" name="POM.TestCase.Verify_Men" tests="1" failures="0" timestamp="26 Oct 2018 14:47:44 GMT" time="41.657" errors="0">
  <testcase name="validate_men" time="41.657" classname="POM.TestCase.Verify_Men"/>
</testsuite> <!-- POM.TestCase.Verify_Men -->
