<?xml version="1.0" encoding="UTF-8"?>
<!-- Generated by org.testng.reporters.JUnitReportReporter -->
<testsuite skipped="0" hostname="Hassan-PC" name="WordpressQA.ContactUsErrorHandling" tests="2" failures="0" timestamp="25 Sep 2018 17:14:18 GMT" time="45.016" errors="0">
  <testcase name="InvalidEmail" time="25.748" classname="WordpressQA.ContactUsErrorHandling"/>
  <testcase name="MissingFields" time="19.268" classname="WordpressQA.ContactUsErrorHandling"/>
</testsuite> <!-- WordpressQA.ContactUsErrorHandling -->
