<?xml version="1.0" encoding="UTF-8"?>
<!-- Generated by org.testng.reporters.JUnitReportReporter -->
<testsuite skipped="0" hostname="Hassan-PC" name="Deployment.Brands_on_left_bar" tests="1" failures="0" timestamp="10 Dec 2018 16:45:48 GMT" time="25.007" errors="0">
  <testcase name="validate_brands_on_left_bar" time="25.007" classname="Deployment.Brands_on_left_bar"/>
</testsuite> <!-- Deployment.Brands_on_left_bar -->
