<?xml version="1.0" encoding="UTF-8"?>
<!-- Generated by org.testng.reporters.JUnitReportReporter -->
<testsuite skipped="0" hostname="Hassan-PC" name="Deployment.Verify_Fitting_Room_Buy_Look" tests="1" failures="0" timestamp="29 Nov 2018 14:04:50 GMT" time="101.912" errors="0">
  <testcase name="validate_fitting_room_buylook" time="101.912" classname="Deployment.Verify_Fitting_Room_Buy_Look"/>
</testsuite> <!-- Deployment.Verify_Fitting_Room_Buy_Look -->
