<?xml version="1.0" encoding="UTF-8"?>
<!-- Generated by org.testng.reporters.JUnitReportReporter -->
<testsuite skipped="0" hostname="Hassan-PC" name="Updated.POM.Testcases.WomenTest" tests="1" failures="0" timestamp="05 Nov 2018 17:22:48 GMT" time="54.422" errors="0">
  <testcase name="validate_women" time="54.422" classname="Updated.POM.Testcases.WomenTest"/>
</testsuite> <!-- Updated.POM.Testcases.WomenTest -->
