<?xml version="1.0" encoding="UTF-8"?>
<!-- Generated by org.testng.reporters.JUnitReportReporter -->
<testsuite skipped="0" hostname="Hassan-PC" name="WordpressQA.SignUpErrorHandling" tests="5" failures="0" timestamp="03 Oct 2018 17:33:59 GMT" time="191.270" errors="0">
  <testcase name="InvalidEmail" time="37.685" classname="WordpressQA.SignUpErrorHandling"/>
  <testcase name="InvalidPassword" time="39.595" classname="WordpressQA.SignUpErrorHandling"/>
  <testcase name="PasswordNotMatch" time="37.985" classname="WordpressQA.SignUpErrorHandling"/>
  <testcase name="TermsNotChecked" time="36.068" classname="WordpressQA.SignUpErrorHandling"/>
  <testcase name="MissingField" time="39.937" classname="WordpressQA.SignUpErrorHandling"/>
</testsuite> <!-- WordpressQA.SignUpErrorHandling -->
