<?xml version="1.0" encoding="UTF-8"?>
<!-- Generated by org.testng.reporters.JUnitReportReporter -->
<testsuite skipped="0" hostname="Hassan-PC" name="Deployment.WomenTest" tests="1" failures="0" timestamp="29 Nov 2018 14:04:50 GMT" time="53.538" errors="0">
  <testcase name="validate_women" time="53.538" classname="Deployment.WomenTest"/>
</testsuite> <!-- Deployment.WomenTest -->
