<?xml version="1.0" encoding="UTF-8"?>
<!-- Generated by org.testng.reporters.JUnitReportReporter -->
<testsuite skipped="0" hostname="Hassan-PC" name="Deployment.MenTest" tests="1" failures="0" timestamp="13 Dec 2018 13:24:50 GMT" time="52.244" errors="0">
  <testcase name="validate_men" time="52.244" classname="Deployment.MenTest"/>
</testsuite> <!-- Deployment.MenTest -->
