<?xml version="1.0" encoding="UTF-8"?>
<!-- Generated by org.testng.reporters.JUnitReportReporter -->
<testsuite skipped="0" hostname="Hassan-PC" name="Deployment.Verify_Fitting_Room_Hanger" tests="1" failures="0" timestamp="29 Nov 2018 14:04:50 GMT" time="59.083" errors="0">
  <testcase name="validate_Fitting_Room_Hanger" time="59.083" classname="Deployment.Verify_Fitting_Room_Hanger"/>
</testsuite> <!-- Deployment.Verify_Fitting_Room_Hanger -->
