<?xml version="1.0" encoding="UTF-8"?>
<!-- Generated by org.testng.reporters.JUnitReportReporter -->
<testsuite skipped="0" hostname="Hassan-PC" name="Deployment.Verify_Fitting_Room_Edit_Look" tests="4" failures="0" timestamp="29 Nov 2018 14:04:50 GMT" time="340.997" errors="0">
  <testcase name="validate_fitting_room_editlook" time="100.032" classname="Deployment.Verify_Fitting_Room_Edit_Look"/>
  <testcase name="validate_select_a_size" time="62.843" classname="Deployment.Verify_Fitting_Room_Edit_Look"/>
  <testcase name="validate_calibrated_user" time="94.964" classname="Deployment.Verify_Fitting_Room_Edit_Look"/>
  <testcase name="validate_change_color" time="83.158" classname="Deployment.Verify_Fitting_Room_Edit_Look"/>
</testsuite> <!-- Deployment.Verify_Fitting_Room_Edit_Look -->
