<?xml version="1.0" encoding="UTF-8"?>
<!-- Generated by org.testng.reporters.JUnitReportReporter -->
<testsuite skipped="0" hostname="Hassan-PC" name="POM.TestCase.Verify_Fitting_Room_Popup" tests="1" failures="0" timestamp="15 Oct 2018 17:10:46 GMT" time="48.463" errors="0">
  <testcase name="validate_fitting_room_popup" time="48.463" classname="POM.TestCase.Verify_Fitting_Room_Popup"/>
</testsuite> <!-- POM.TestCase.Verify_Fitting_Room_Popup -->
