<?xml version="1.0" encoding="UTF-8"?>
<!-- Generated by org.testng.reporters.JUnitReportReporter -->
<testsuite skipped="0" hostname="Hassan-PC" name="POM.TestCase.Verify_FittingRoom_ProductDetail" tests="1" failures="0" timestamp="19 Nov 2018 12:17:11 GMT" time="72.910" errors="0">
  <testcase name="validate_fittingRoom_ProductDetail" time="72.910" classname="POM.TestCase.Verify_FittingRoom_ProductDetail"/>
</testsuite> <!-- POM.TestCase.Verify_FittingRoom_ProductDetail -->
