<?xml version="1.0" encoding="UTF-8"?>
<!-- Generated by org.testng.reporters.JUnitReportReporter -->
<testsuite skipped="2" hostname="Hassan-PC" name="WordpressQA.SignUpErrorHandling" tests="3" failures="0" timestamp="10 Oct 2018 12:25:02 GMT" time="46.664" errors="0">
  <testcase name="PasswordNotMatch" time="46.664" classname="WordpressQA.SignUpErrorHandling"/>
  <testcase name="InvalidEmail" classname="WordpressQA.SignUpErrorHandling">
    <skipped/>
  </testcase> <!-- InvalidEmail -->
  <testcase name="MissingField" classname="WordpressQA.SignUpErrorHandling">
    <skipped/>
  </testcase> <!-- MissingField -->
</testsuite> <!-- WordpressQA.SignUpErrorHandling -->
