<?xml version="1.0" encoding="UTF-8"?>
<!-- Generated by org.testng.reporters.JUnitReportReporter -->
<testsuite skipped="0" hostname="Hassan-PC" name="WordpressQA.Cancelsignup" tests="1" failures="0" timestamp="08 Oct 2018 13:53:31 GMT" time="43.458" errors="0">
  <testcase name="cancel" time="43.458" classname="WordpressQA.Cancelsignup"/>
</testsuite> <!-- WordpressQA.Cancelsignup -->
