<?xml version="1.0" encoding="UTF-8"?>
<!-- Generated by org.testng.reporters.JUnitReportReporter -->
<testsuite skipped="0" hostname="Hassan-PC" name="Deployment.Verify_Badge_Number" tests="1" failures="0" timestamp="29 Nov 2018 14:04:50 GMT" time="65.529" errors="0">
  <testcase name="validate_Badge_number" time="65.529" classname="Deployment.Verify_Badge_Number"/>
</testsuite> <!-- Deployment.Verify_Badge_Number -->
