<?xml version="1.0" encoding="UTF-8"?>
<!-- Generated by org.testng.reporters.JUnitReportReporter -->
<testsuite skipped="0" hostname="Hassan-PC" name="WordpressQA.ForgotPassword" tests="1" failures="0" timestamp="03 Oct 2018 15:18:31 GMT" time="98.344" errors="0">
  <testcase name="ForgotPwd" time="98.344" classname="WordpressQA.ForgotPassword"/>
</testsuite> <!-- WordpressQA.ForgotPassword -->
