<?xml version="1.0" encoding="UTF-8"?>
<!-- Generated by org.testng.reporters.JUnitReportReporter -->
<testsuite skipped="0" hostname="Hassan-PC" name="WordpressQA.women" tests="1" failures="0" timestamp="25 Sep 2018 11:29:35 GMT" time="56.122" errors="0">
  <testcase name="Women" time="56.122" classname="WordpressQA.women"/>
</testsuite> <!-- WordpressQA.women -->
