<?xml version="1.0" encoding="UTF-8"?>
<!-- Generated by org.testng.reporters.JUnitReportReporter -->
<testsuite skipped="0" hostname="Hassan-PC" name="WordpressQA.Cancelsignup" tests="1" failures="0" timestamp="19 Oct 2018 11:32:44 GMT" time="59.806" errors="0">
  <testcase name="cancel" time="59.806" classname="WordpressQA.Cancelsignup"/>
</testsuite> <!-- WordpressQA.Cancelsignup -->
