<?xml version="1.0" encoding="UTF-8"?>
<!-- Generated by org.testng.reporters.JUnitReportReporter -->
<testsuite skipped="0" hostname="Hassan-PC" name="POM.TestCase.Contactus_Errorhandling" tests="1" failures="0" timestamp="30 Oct 2018 13:03:36 GMT" time="25.005" errors="0">
  <testcase name="Missing_Fields" time="25.005" classname="POM.TestCase.Contactus_Errorhandling"/>
</testsuite> <!-- POM.TestCase.Contactus_Errorhandling -->
