<?xml version="1.0" encoding="UTF-8"?>
<!-- Generated by org.testng.reporters.JUnitReportReporter -->
<testsuite skipped="0" hostname="Hassan-PC" name="WordpressQA.Men" tests="1" failures="0" timestamp="03 Oct 2018 15:15:46 GMT" time="33.347" errors="0">
  <testcase name="men" time="33.347" classname="WordpressQA.Men"/>
</testsuite> <!-- WordpressQA.Men -->
