<?xml version="1.0" encoding="UTF-8"?>
<!-- Generated by org.testng.reporters.JUnitReportReporter -->
<testsuite hostname="Hassan-PC" failures="0" tests="7" name="mm.UnauthenticatedHomePage" time="112.684" errors="0" timestamp="12 Sep 2018 17:22:59 GMT" skipped="6">
  <testcase classname="mm.UnauthenticatedHomePage" name="Shop" time="112.684"/>
  <testcase classname="mm.UnauthenticatedHomePage" name="cancel">
    <skipped/>
  </testcase> <!-- cancel -->
  <testcase classname="mm.UnauthenticatedHomePage" name="Men">
    <skipped/>
  </testcase> <!-- Men -->
  <testcase classname="mm.UnauthenticatedHomePage" name="Signin">
    <skipped/>
  </testcase> <!-- Signin -->
  <testcase classname="mm.UnauthenticatedHomePage" name="ForgotPassword">
    <skipped/>
  </testcase> <!-- ForgotPassword -->
  <testcase classname="mm.UnauthenticatedHomePage" name="Contactus">
    <skipped/>
  </testcase> <!-- Contactus -->
  <testcase classname="mm.UnauthenticatedHomePage" name="women">
    <skipped/>
  </testcase> <!-- women -->
</testsuite> <!-- mm.UnauthenticatedHomePage -->
