<?xml version="1.0" encoding="UTF-8"?>
<!-- Generated by org.testng.reporters.JUnitReportReporter -->
<testsuite skipped="0" hostname="Hassan-PC" name="Deployment.SignUpErrorHandling" tests="2" failures="0" timestamp="29 Nov 2018 14:04:50 GMT" time="44.805" errors="0">
  <testcase name="InvalidEmail" time="22.673" classname="Deployment.SignUpErrorHandling"/>
  <testcase name="PasswordNotMatch" time="22.132" classname="Deployment.SignUpErrorHandling"/>
</testsuite> <!-- Deployment.SignUpErrorHandling -->
