<?xml version="1.0" encoding="UTF-8"?>
<!-- Generated by org.testng.reporters.JUnitReportReporter -->
<testsuite skipped="0" hostname="Hassan-PC" name="Deployment.Verify_Shop_Checkout" tests="1" failures="0" timestamp="29 Nov 2018 14:32:11 GMT" time="96.164" errors="0">
  <testcase name="validate_shop_checkout" time="96.164" classname="Deployment.Verify_Shop_Checkout"/>
</testsuite> <!-- Deployment.Verify_Shop_Checkout -->
