<?xml version="1.0" encoding="UTF-8"?>
<!-- Generated by org.testng.reporters.JUnitReportReporter -->
<testsuite skipped="4" hostname="Hassan-PC" name="POM.TestCase.Signin_Errorhandling" tests="5" failures="0" timestamp="15 Nov 2018 18:15:29 GMT" time="93.545" errors="0">
  <testcase name="InvalidPwdCriteria" time="93.545" classname="POM.TestCase.Signin_Errorhandling"/>
  <testcase name="Invalidcrdentials" classname="POM.TestCase.Signin_Errorhandling">
    <skipped/>
  </testcase> <!-- Invalidcrdentials -->
  <testcase name="EmailNotFound" classname="POM.TestCase.Signin_Errorhandling">
    <skipped/>
  </testcase> <!-- EmailNotFound -->
  <testcase name="PasswordNotMatched" classname="POM.TestCase.Signin_Errorhandling">
    <skipped/>
  </testcase> <!-- PasswordNotMatched -->
  <testcase name="InvalidEmail" classname="POM.TestCase.Signin_Errorhandling">
    <skipped/>
  </testcase> <!-- InvalidEmail -->
</testsuite> <!-- POM.TestCase.Signin_Errorhandling -->
