<?xml version="1.0" encoding="UTF-8"?>
<!-- Generated by org.testng.reporters.JUnitReportReporter -->
<testsuite skipped="0" hostname="Hassan-PC" name="Deployment.Verify_Fitting_Room_Popup" tests="1" failures="0" timestamp="29 Nov 2018 14:04:50 GMT" time="43.971" errors="0">
  <testcase name="validate_fitting_room_popup" time="43.971" classname="Deployment.Verify_Fitting_Room_Popup"/>
</testsuite> <!-- Deployment.Verify_Fitting_Room_Popup -->
