<?xml version="1.0" encoding="UTF-8"?>
<!-- Generated by org.testng.reporters.JUnitReportReporter -->
<testsuite skipped="0" hostname="Hassan-PC" name="POM.TestCase.SignUpErrorHandling" tests="2" failures="0" timestamp="15 Nov 2018 16:24:28 GMT" time="51.016" errors="0">
  <testcase name="InvalidEmail" time="23.897" classname="POM.TestCase.SignUpErrorHandling"/>
  <testcase name="PasswordNotMatch" time="27.119" classname="POM.TestCase.SignUpErrorHandling"/>
</testsuite> <!-- POM.TestCase.SignUpErrorHandling -->
