<?xml version="1.0" encoding="UTF-8"?>
<!-- Generated by org.testng.reporters.JUnitReportReporter -->
<testsuite skipped="0" hostname="Hassan-PC" name="library.FindBrokenLink" tests="1" failures="0" timestamp="13 Dec 2018 14:24:27 GMT" time="54.761" errors="0">
  <testcase name="getBrokenLinks" time="54.761" classname="library.FindBrokenLink"/>
</testsuite> <!-- library.FindBrokenLink -->
