<?xml version="1.0" encoding="UTF-8"?>
<!-- Generated by org.testng.reporters.JUnitReportReporter -->
<testsuite skipped="4" hostname="Hassan-PC" name="WordpressQA.SignInErrorHandling" tests="5" failures="0" timestamp="03 Oct 2018 17:12:09 GMT" time="23.907" errors="0">
  <testcase name="InvalidCredentials" time="23.907" classname="WordpressQA.SignInErrorHandling"/>
  <testcase name="PasswordNotMatched" classname="WordpressQA.SignInErrorHandling">
    <skipped/>
  </testcase> <!-- PasswordNotMatched -->
  <testcase name="EmailNotFound" classname="WordpressQA.SignInErrorHandling">
    <skipped/>
  </testcase> <!-- EmailNotFound -->
  <testcase name="InvalidEmail" classname="WordpressQA.SignInErrorHandling">
    <skipped/>
  </testcase> <!-- InvalidEmail -->
  <testcase name="InvalidPwdCriteria" classname="WordpressQA.SignInErrorHandling">
    <skipped/>
  </testcase> <!-- InvalidPwdCriteria -->
</testsuite> <!-- WordpressQA.SignInErrorHandling -->
