<?xml version="1.0" encoding="UTF-8"?>
<!-- Generated by org.testng.reporters.JUnitReportReporter -->
<testsuite skipped="0" hostname="Hassan-PC" name="Deployment.Verify_Cancelsignup" tests="1" failures="0" timestamp="13 Dec 2018 13:24:50 GMT" time="32.221" errors="0">
  <testcase name="validate_cancelsignup" time="32.221" classname="Deployment.Verify_Cancelsignup"/>
</testsuite> <!-- Deployment.Verify_Cancelsignup -->
