<?xml version="1.0" encoding="UTF-8"?>
<!-- Generated by org.testng.reporters.JUnitReportReporter -->
<testsuite skipped="3" hostname="Hassan-PC" name="POM.TestCase.Verify_Fitting_Room_Edit_Look" tests="4" failures="0" timestamp="26 Oct 2018 10:54:00 GMT" time="71.812" errors="0">
  <testcase name="validate_change_color" time="71.812" classname="POM.TestCase.Verify_Fitting_Room_Edit_Look"/>
  <testcase name="validate_fitting_room_editlook" classname="POM.TestCase.Verify_Fitting_Room_Edit_Look">
    <skipped/>
  </testcase> <!-- validate_fitting_room_editlook -->
  <testcase name="validate_calibrated_user" classname="POM.TestCase.Verify_Fitting_Room_Edit_Look">
    <skipped/>
  </testcase> <!-- validate_calibrated_user -->
  <testcase name="validate_select_a_size" classname="POM.TestCase.Verify_Fitting_Room_Edit_Look">
    <skipped/>
  </testcase> <!-- validate_select_a_size -->
</testsuite> <!-- POM.TestCase.Verify_Fitting_Room_Edit_Look -->
