<?xml version="1.0" encoding="UTF-8"?>
<!-- Generated by org.testng.reporters.JUnitReportReporter -->
<testsuite skipped="0" hostname="Hassan-PC" name="Deployment.Verify_Fitting_Room_Popup" tests="1" failures="0" timestamp="13 Dec 2018 13:24:51 GMT" time="51.369" errors="0">
  <testcase name="validate_fitting_room_popup" time="51.369" classname="Deployment.Verify_Fitting_Room_Popup"/>
</testsuite> <!-- Deployment.Verify_Fitting_Room_Popup -->
