<?xml version="1.0" encoding="UTF-8"?>
<!-- Generated by org.testng.reporters.JUnitReportReporter -->
<testsuite skipped="0" hostname="Hassan-PC" name="WordpressQA.women" tests="1" failures="0" timestamp="19 Oct 2018 11:16:30 GMT" time="84.971" errors="0">
  <testcase name="Women" time="84.971" classname="WordpressQA.women"/>
</testsuite> <!-- WordpressQA.women -->
