<?xml version="1.0" encoding="UTF-8"?>
<!-- Generated by org.testng.reporters.JUnitReportReporter -->
<testsuite skipped="0" hostname="Hassan-PC" name="Deployment.MenTest" tests="1" failures="0" timestamp="29 Nov 2018 14:04:50 GMT" time="52.782" errors="0">
  <testcase name="validate_men" time="52.782" classname="Deployment.MenTest"/>
</testsuite> <!-- Deployment.MenTest -->
