<?xml version="1.0" encoding="UTF-8"?>
<!-- Generated by org.testng.reporters.JUnitReportReporter -->
<testsuite skipped="0" hostname="Hassan-PC" name="WordpressQA.Men" tests="1" failures="0" timestamp="25 Sep 2018 11:35:02 GMT" time="32.799" errors="0">
  <testcase name="men" time="32.799" classname="WordpressQA.Men"/>
</testsuite> <!-- WordpressQA.Men -->
