<?xml version="1.0" encoding="UTF-8"?>
<!-- Generated by org.testng.reporters.JUnitReportReporter -->
<testsuite skipped="0" hostname="Hassan-PC" name="POM.TestCase.Verify_Login" tests="1" failures="0" timestamp="06 Dec 2018 16:31:17 GMT" time="18.878" errors="0">
  <testcase name="checkValidCredentials" time="18.878" classname="POM.TestCase.Verify_Login"/>
</testsuite> <!-- POM.TestCase.Verify_Login -->
