<?xml version="1.0" encoding="UTF-8"?>
<!-- Generated by org.testng.reporters.JUnitReportReporter -->
<testsuite skipped="0" hostname="Hassan-PC" name="automatedscripts.extentreport" tests="1" failures="0" timestamp="02 Oct 2018 12:31:52 GMT" time="0.519" errors="0">
  <testcase name="loginTest" time="0.519" classname="automatedscripts.extentreport"/>
</testsuite> <!-- automatedscripts.extentreport -->
