<?xml version="1.0" encoding="UTF-8"?>
<!-- Generated by org.testng.reporters.JUnitReportReporter -->
<testsuite skipped="2" hostname="Hassan-PC" name="WordpressQA.SignInErrorHandling" tests="3" failures="0" timestamp="19 Oct 2018 11:55:04 GMT" time="125.996" errors="0">
  <testcase name="InvalidPwdCriteria" time="125.996" classname="WordpressQA.SignInErrorHandling"/>
  <testcase name="InvalidCredentials" classname="WordpressQA.SignInErrorHandling">
    <skipped/>
  </testcase> <!-- InvalidCredentials -->
  <testcase name="EmailNotFound" classname="WordpressQA.SignInErrorHandling">
    <skipped/>
  </testcase> <!-- EmailNotFound -->
</testsuite> <!-- WordpressQA.SignInErrorHandling -->
