<?xml version="1.0" encoding="UTF-8"?>
<!-- Generated by org.testng.reporters.JUnitReportReporter -->
<testsuite skipped="0" hostname="Hassan-PC" name="WordpressQA.women" tests="2" failures="0" timestamp="03 Oct 2018 15:12:48 GMT" time="85.334" errors="0">
  <testcase name="Women" time="57.143" classname="WordpressQA.women"/>
  <testcase name="Signin" time="28.191" classname="WordpressQA.women"/>
</testsuite> <!-- WordpressQA.women -->
