<?xml version="1.0" encoding="UTF-8"?>
<!-- Generated by org.testng.reporters.JUnitReportReporter -->
<testsuite skipped="0" hostname="Hassan-PC" name="Deployment.Contactus_Errorhandling" tests="1" failures="0" timestamp="29 Nov 2018 14:04:50 GMT" time="23.867" errors="0">
  <testcase name="Missing_Fields" time="23.867" classname="Deployment.Contactus_Errorhandling"/>
</testsuite> <!-- Deployment.Contactus_Errorhandling -->
