<?xml version="1.0" encoding="UTF-8"?>
<!-- Generated by org.testng.reporters.JUnitReportReporter -->
<testsuite skipped="0" hostname="Hassan-PC" name="WordpressQA.Favourite" tests="1" failures="0" timestamp="31 Oct 2018 18:04:47 GMT" time="101.714" errors="0">
  <testcase name="AddFavourite" time="101.714" classname="WordpressQA.Favourite"/>
</testsuite> <!-- WordpressQA.Favourite -->
