<?xml version="1.0" encoding="UTF-8"?>
<!-- Generated by org.testng.reporters.JUnitReportReporter -->
<testsuite skipped="0" hostname="Hassan-PC" name="Updated.POM.Testcases.cdc" tests="1" failures="0" timestamp="30 Nov 2018 11:36:07 GMT" time="52.545" errors="0">
  <testcase name="validate_women" time="52.545" classname="Updated.POM.Testcases.cdc"/>
</testsuite> <!-- Updated.POM.Testcases.cdc -->
