<?xml version="1.0" encoding="UTF-8"?>
<!-- Generated by org.testng.reporters.JUnitReportReporter -->
<testsuite skipped="0" hostname="Hassan-PC" name="WordpressQA.women" tests="1" failures="0" timestamp="09 Oct 2018 16:39:18 GMT" time="68.823" errors="0">
  <testcase name="Women" time="68.823" classname="WordpressQA.women"/>
</testsuite> <!-- WordpressQA.women -->
