<?xml version="1.0" encoding="UTF-8"?>
<!-- Generated by org.testng.reporters.JUnitReportReporter -->
<testsuite skipped="0" hostname="Hassan-PC" name="Deployment.Verify_Fitting_Room_Edit_Look" tests="1" failures="0" timestamp="13 Dec 2018 14:14:23 GMT" time="104.656" errors="0">
  <testcase name="validate_fitting_room_editlook" time="104.656" classname="Deployment.Verify_Fitting_Room_Edit_Look"/>
</testsuite> <!-- Deployment.Verify_Fitting_Room_Edit_Look -->
