<?xml version="1.0" encoding="UTF-8"?>
<!-- Generated by org.testng.reporters.JUnitReportReporter -->
<testsuite hostname="Hassan-PC" failures="0" tests="3" name="mm.SignInErrorHandling" time="25.918" errors="0" timestamp="17 Sep 2018 17:05:41 GMT" skipped="2">
  <testcase classname="mm.SignInErrorHandling" name="SiginE3" time="25.918"/>
  <testcase classname="mm.SignInErrorHandling" name="SigninE1">
    <skipped/>
  </testcase> <!-- SigninE1 -->
  <testcase classname="mm.SignInErrorHandling" name="SiginE2">
    <skipped/>
  </testcase> <!-- SiginE2 -->
</testsuite> <!-- mm.SignInErrorHandling -->
