<?xml version="1.0" encoding="UTF-8"?>
<!-- Generated by org.testng.reporters.JUnitReportReporter -->
<testsuite skipped="0" hostname="Hassan-PC" name="Deployment.Verify_Login" tests="1" failures="0" timestamp="29 Nov 2018 14:04:50 GMT" time="15.863" errors="0">
  <testcase name="checkValidCredentials" time="15.863" classname="Deployment.Verify_Login"/>
</testsuite> <!-- Deployment.Verify_Login -->
