<?xml version="1.0" encoding="UTF-8"?>
<!-- Generated by org.testng.reporters.JUnitReportReporter -->
<testsuite hostname="Hassan-PC" failures="0" tests="7" name="mm.UnauthenticatedHomePage" time="68.300" errors="0" timestamp="11 Sep 2018 16:17:22 GMT" skipped="6">
  <testcase classname="mm.UnauthenticatedHomePage" name="Shop" time="68.300"/>
  <testcase classname="mm.UnauthenticatedHomePage" name="cancel">
    <skipped/>
  </testcase> <!-- cancel -->
  <testcase classname="mm.UnauthenticatedHomePage" name="Men">
    <skipped/>
  </testcase> <!-- Men -->
  <testcase classname="mm.UnauthenticatedHomePage" name="Signin">
    <skipped/>
  </testcase> <!-- Signin -->
  <testcase classname="mm.UnauthenticatedHomePage" name="ForgotPassword">
    <skipped/>
  </testcase> <!-- ForgotPassword -->
  <testcase classname="mm.UnauthenticatedHomePage" name="Contactus">
    <skipped/>
  </testcase> <!-- Contactus -->
  <testcase classname="mm.UnauthenticatedHomePage" name="women">
    <skipped/>
  </testcase> <!-- women -->
</testsuite> <!-- mm.UnauthenticatedHomePage -->
