<?xml version="1.0" encoding="UTF-8"?>
<!-- Generated by org.testng.reporters.JUnitReportReporter -->
<testsuite skipped="1" hostname="Hassan-PC" name="WordpressQA.UnauthenticatedHomePage" tests="2" failures="0" timestamp="19 Oct 2018 12:10:25 GMT" time="131.198" errors="0">
  <testcase name="Shop" time="131.198" classname="WordpressQA.UnauthenticatedHomePage"/>
  <testcase name="Signin" classname="WordpressQA.UnauthenticatedHomePage">
    <skipped/>
  </testcase> <!-- Signin -->
</testsuite> <!-- WordpressQA.UnauthenticatedHomePage -->
