<?xml version="1.0" encoding="UTF-8"?>
<!-- Generated by org.testng.reporters.JUnitReportReporter -->
<testsuite skipped="0" hostname="Hassan-PC" name="POM.TestCase.Contactus_Errorhandling" tests="1" failures="0" timestamp="15 Nov 2018 16:24:28 GMT" time="28.690" errors="0">
  <testcase name="Missing_Fields" time="28.690" classname="POM.TestCase.Contactus_Errorhandling"/>
</testsuite> <!-- POM.TestCase.Contactus_Errorhandling -->
