<?xml version="1.0" encoding="UTF-8"?>
<!-- Generated by org.testng.reporters.JUnitReportReporter -->
<testsuite skipped="0" hostname="Hassan-PC" name="POM.TestCase.Verify_Fitting_Room_Popup" tests="1" failures="0" timestamp="15 Nov 2018 16:24:28 GMT" time="47.379" errors="0">
  <testcase name="validate_fitting_room_popup" time="47.379" classname="POM.TestCase.Verify_Fitting_Room_Popup"/>
</testsuite> <!-- POM.TestCase.Verify_Fitting_Room_Popup -->
