<?xml version="1.0" encoding="UTF-8"?>
<!-- Generated by org.testng.reporters.JUnitReportReporter -->
<testsuite skipped="0" hostname="Hassan-PC" name="Deployment.Favorite_FittingRoom" tests="1" failures="0" timestamp="29 Nov 2018 14:32:11 GMT" time="134.412" errors="0">
  <testcase name="validate_Favorite_FittingRoom" time="134.412" classname="Deployment.Favorite_FittingRoom"/>
</testsuite> <!-- Deployment.Favorite_FittingRoom -->
