<?xml version="1.0" encoding="UTF-8"?>
<!-- Generated by org.testng.reporters.JUnitReportReporter -->
<testsuite skipped="0" hostname="Hassan-PC" name="mm.SignInErrorHandling" tests="5" failures="0" timestamp="01 Oct 2018 13:27:28 GMT" time="251.170" errors="0">
  <testcase name="InvalidCredentials" time="23.666" classname="mm.SignInErrorHandling"/>
  <testcase name="InvalidEmail" time="26.796" classname="mm.SignInErrorHandling"/>
  <testcase name="EmailNotFound" time="26.396" classname="mm.SignInErrorHandling"/>
  <testcase name="InvalidPwdCriteria" time="87.249" classname="mm.SignInErrorHandling"/>
  <testcase name="PasswordNotMatched" time="87.063" classname="mm.SignInErrorHandling"/>
</testsuite> <!-- mm.SignInErrorHandling -->
