<?xml version="1.0" encoding="UTF-8"?>
<!-- Generated by org.testng.reporters.JUnitReportReporter -->
<testsuite skipped="1" hostname="Hassan-PC" name="mm.women" tests="1" failures="0" timestamp="03 Oct 2018 10:03:40 GMT" time="0.000" errors="0">
  <testcase name="Women" time="0.000" classname="mm.women">
    <skipped/>
  </testcase> <!-- Women -->
</testsuite> <!-- mm.women -->
