<?xml version="1.0" encoding="UTF-8"?>
<!-- Generated by org.testng.reporters.JUnitReportReporter -->
<testsuite skipped="0" hostname="Hassan-PC" name="WordpressQA.ContactUs" tests="1" failures="0" timestamp="25 Sep 2018 16:17:20 GMT" time="31.190" errors="0">
  <testcase name="contactus" time="31.190" classname="WordpressQA.ContactUs"/>
</testsuite> <!-- WordpressQA.ContactUs -->
