<?xml version="1.0" encoding="UTF-8"?>
<!-- Generated by org.testng.reporters.JUnitReportReporter -->
<testsuite skipped="0" hostname="Hassan-PC" name="Deployment.Verify_Forgot_Password" tests="1" failures="0" timestamp="13 Dec 2018 13:24:51 GMT" time="88.889" errors="0">
  <testcase name="validate_forgot_password" time="88.889" classname="Deployment.Verify_Forgot_Password"/>
</testsuite> <!-- Deployment.Verify_Forgot_Password -->
