<?xml version="1.0" encoding="UTF-8"?>
<!-- Generated by org.testng.reporters.JUnitReportReporter -->
<testsuite skipped="0" hostname="Hassan-PC" name="POM.TestCase.Verify_Fitting_Room_Hanger" tests="1" failures="0" timestamp="15 Nov 2018 16:24:28 GMT" time="50.186" errors="0">
  <testcase name="validate_Fitting_Room_Hanger" time="50.186" classname="POM.TestCase.Verify_Fitting_Room_Hanger"/>
</testsuite> <!-- POM.TestCase.Verify_Fitting_Room_Hanger -->
