<?xml version="1.0" encoding="UTF-8"?>
<!-- Generated by org.testng.reporters.JUnitReportReporter -->
<testsuite skipped="0" hostname="Hassan-PC" name="WordpressQA.Cancelsignup" tests="1" failures="0" timestamp="25 Sep 2018 17:16:47 GMT" time="32.665" errors="0">
  <testcase name="cancel" time="32.665" classname="WordpressQA.Cancelsignup"/>
</testsuite> <!-- WordpressQA.Cancelsignup -->
