<?xml version="1.0" encoding="UTF-8"?>
<!-- Generated by org.testng.reporters.JUnitReportReporter -->
<testsuite skipped="0" hostname="Hassan-PC" name="POM.TestCase.Verify_Shop_Checkout" tests="1" failures="0" timestamp="07 Nov 2018 16:36:16 GMT" time="109.554" errors="0">
  <testcase name="validate_shop_checkout" time="109.554" classname="POM.TestCase.Verify_Shop_Checkout"/>
</testsuite> <!-- POM.TestCase.Verify_Shop_Checkout -->
