<?xml version="1.0" encoding="UTF-8"?>
<!-- Generated by org.testng.reporters.JUnitReportReporter -->
<testsuite skipped="0" hostname="Hassan-PC" name="POM.TestCase.Signin_Errorhandling" tests="5" failures="0" timestamp="05 Nov 2018 17:22:48 GMT" time="233.358" errors="0">
  <testcase name="Invalidcrdentials" time="20.046" classname="POM.TestCase.Signin_Errorhandling"/>
  <testcase name="InvalidEmail" time="20.849" classname="POM.TestCase.Signin_Errorhandling"/>
  <testcase name="EmailNotFound" time="21.667" classname="POM.TestCase.Signin_Errorhandling"/>
  <testcase name="InvalidPwdCriteria" time="84.750" classname="POM.TestCase.Signin_Errorhandling"/>
  <testcase name="PasswordNotMatched" time="86.046" classname="POM.TestCase.Signin_Errorhandling"/>
</testsuite> <!-- POM.TestCase.Signin_Errorhandling -->
