<?xml version="1.0" encoding="UTF-8"?>
<!-- Generated by org.testng.reporters.JUnitReportReporter -->
<testsuite skipped="0" hostname="Hassan-PC" name="library.FindBrokenLink" tests="1" failures="0" timestamp="26 Oct 2018 16:38:14 GMT" time="59.718" errors="0">
  <testcase name="getBrokenLinks" time="59.718" classname="library.FindBrokenLink"/>
</testsuite> <!-- library.FindBrokenLink -->
