<?xml version="1.0" encoding="UTF-8"?>
<!-- Generated by org.testng.reporters.JUnitReportReporter -->
<testsuite skipped="0" hostname="Hassan-PC" name="POM.TestCase.Signin_Errorhandling" tests="1" failures="0" timestamp="30 Oct 2018 17:52:43 GMT" time="20.770" errors="0">
  <testcase name="Invalidcrdentials" time="20.770" classname="POM.TestCase.Signin_Errorhandling"/>
</testsuite> <!-- POM.TestCase.Signin_Errorhandling -->
