<?xml version="1.0" encoding="UTF-8"?>
<!-- Generated by org.testng.reporters.JUnitReportReporter -->
<testsuite skipped="0" hostname="Hassan-PC" name="POM.TestCase.Favorite_FittingRoom" tests="1" failures="0" timestamp="15 Nov 2018 18:15:29 GMT" time="127.410" errors="0">
  <testcase name="validate_Favorite_FittingRoom" time="127.410" classname="POM.TestCase.Favorite_FittingRoom"/>
</testsuite> <!-- POM.TestCase.Favorite_FittingRoom -->
