<?xml version="1.0" encoding="UTF-8"?>
<!-- Generated by org.testng.reporters.JUnitReportReporter -->
<testsuite skipped="0" hostname="Hassan-PC" name="PageObjectModel.Base" tests="1" failures="0" timestamp="28 Nov 2018 11:16:01 GMT" time="9.052" errors="0">
  <testcase name="verify_title" time="9.052" classname="PageObjectModel.Base"/>
</testsuite> <!-- PageObjectModel.Base -->
