<?xml version="1.0" encoding="UTF-8"?>
<!-- Generated by org.testng.reporters.JUnitReportReporter -->
<testsuite skipped="0" hostname="Hassan-PC" name="Deployment.Signin_Errorhandling" tests="5" failures="0" timestamp="29 Nov 2018 14:04:50 GMT" time="225.020" errors="0">
  <testcase name="Invalidcrdentials" time="18.049" classname="Deployment.Signin_Errorhandling"/>
  <testcase name="InvalidEmail" time="18.902" classname="Deployment.Signin_Errorhandling"/>
  <testcase name="EmailNotFound" time="19.040" classname="Deployment.Signin_Errorhandling"/>
  <testcase name="InvalidPwdCriteria" time="83.984" classname="Deployment.Signin_Errorhandling"/>
  <testcase name="PasswordNotMatched" time="85.045" classname="Deployment.Signin_Errorhandling"/>
</testsuite> <!-- Deployment.Signin_Errorhandling -->
