<?xml version="1.0" encoding="UTF-8"?>
<!-- Generated by org.testng.reporters.JUnitReportReporter -->
<testsuite skipped="0" hostname="Hassan-PC" name="POM.TestCase.Product_verification" tests="1" failures="0" timestamp="06 Dec 2018 13:29:35 GMT" time="33.011" errors="0">
  <testcase name="validate_product" time="33.011" classname="POM.TestCase.Product_verification"/>
</testsuite> <!-- POM.TestCase.Product_verification -->
