<?xml version="1.0" encoding="UTF-8"?>
<!-- Generated by org.testng.reporters.JUnitReportReporter -->
<testsuite skipped="0" hostname="Hassan-PC" name="WordpressQA.ContactUsErrorHandling" tests="2" failures="0" timestamp="03 Oct 2018 15:36:46 GMT" time="47.845" errors="0">
  <testcase name="InvalidEmail" time="26.408" classname="WordpressQA.ContactUsErrorHandling"/>
  <testcase name="MissingFields" time="21.437" classname="WordpressQA.ContactUsErrorHandling"/>
</testsuite> <!-- WordpressQA.ContactUsErrorHandling -->
