<?xml version="1.0" encoding="UTF-8"?>
<!-- Generated by org.testng.reporters.JUnitReportReporter -->
<testsuite skipped="0" hostname="Hassan-PC" name="WordpressQA.ContactUsErrorHandling" tests="1" failures="0" timestamp="08 Oct 2018 14:47:58 GMT" time="25.401" errors="0">
  <testcase name="MissingFields" time="25.401" classname="WordpressQA.ContactUsErrorHandling"/>
</testsuite> <!-- WordpressQA.ContactUsErrorHandling -->
