<?xml version="1.0" encoding="UTF-8"?>
<!-- Generated by org.testng.reporters.JUnitReportReporter -->
<testsuite skipped="0" hostname="Hassan-PC" name="WordpressQA.ForgotPassword" tests="1" failures="0" timestamp="08 Oct 2018 17:19:47 GMT" time="115.348" errors="0">
  <testcase name="ForgotPwd" time="115.348" classname="WordpressQA.ForgotPassword"/>
</testsuite> <!-- WordpressQA.ForgotPassword -->
