<?xml version="1.0" encoding="UTF-8"?>
<!-- Generated by org.testng.reporters.JUnitReportReporter -->
<testsuite skipped="0" hostname="Hassan-PC" name="POM.TestCase.Verify_Forgot_Password" tests="1" failures="0" timestamp="05 Nov 2018 17:22:48 GMT" time="92.751" errors="0">
  <testcase name="validate_forgot_password" time="92.751" classname="POM.TestCase.Verify_Forgot_Password"/>
</testsuite> <!-- POM.TestCase.Verify_Forgot_Password -->
