<?xml version="1.0" encoding="UTF-8"?>
<!-- Generated by org.testng.reporters.JUnitReportReporter -->
<testsuite hostname="Hassan-PC" failures="0" tests="6" name="mm.UnauthenticatedHomePage" time="26.338" errors="0" timestamp="11 Sep 2018 10:02:53 GMT" skipped="5">
  <testcase classname="mm.UnauthenticatedHomePage" name="Contactus" time="26.338"/>
  <testcase classname="mm.UnauthenticatedHomePage" name="cancel">
    <skipped/>
  </testcase> <!-- cancel -->
  <testcase classname="mm.UnauthenticatedHomePage" name="Men">
    <skipped/>
  </testcase> <!-- Men -->
  <testcase classname="mm.UnauthenticatedHomePage" name="Signin">
    <skipped/>
  </testcase> <!-- Signin -->
  <testcase classname="mm.UnauthenticatedHomePage" name="ForgotPassword">
    <skipped/>
  </testcase> <!-- ForgotPassword -->
  <testcase classname="mm.UnauthenticatedHomePage" name="women">
    <skipped/>
  </testcase> <!-- women -->
</testsuite> <!-- mm.UnauthenticatedHomePage -->
