<?xml version="1.0" encoding="UTF-8"?>
<!-- Generated by org.testng.reporters.JUnitReportReporter -->
<testsuite skipped="0" hostname="Hassan-PC" name="POM.TestCase.Verify_Fitting_Room_SearchPage" tests="1" failures="0" timestamp="20 Nov 2018 13:29:54 GMT" time="0.009" errors="0">
  <testcase name="abc" time="0.009" classname="POM.TestCase.Verify_Fitting_Room_SearchPage"/>
</testsuite> <!-- POM.TestCase.Verify_Fitting_Room_SearchPage -->
