<?xml version="1.0" encoding="UTF-8"?>
<!-- Generated by org.testng.reporters.JUnitReportReporter -->
<testsuite skipped="0" hostname="Hassan-PC" name="POM.TestCase.Verify_Contactus" tests="1" failures="0" timestamp="29 Oct 2018 11:41:27 GMT" time="32.009" errors="0">
  <testcase name="validate_contactus" time="32.009" classname="POM.TestCase.Verify_Contactus"/>
</testsuite> <!-- POM.TestCase.Verify_Contactus -->
