<?xml version="1.0" encoding="UTF-8"?>
<!-- Generated by org.testng.reporters.JUnitReportReporter -->
<testsuite skipped="0" hostname="Hassan-PC" name="POM.TestCase.Favorite_FittingRoom" tests="1" failures="0" timestamp="06 Nov 2018 17:13:46 GMT" time="123.832" errors="0">
  <testcase name="validate_Favorite_FittingRoom" time="123.832" classname="POM.TestCase.Favorite_FittingRoom"/>
</testsuite> <!-- POM.TestCase.Favorite_FittingRoom -->
