<?xml version="1.0" encoding="UTF-8"?>
<!-- Generated by org.testng.reporters.JUnitReportReporter -->
<testsuite hostname="Hassan-PC" failures="0" tests="5" name="mm.SignUp" time="29.347" errors="0" timestamp="10 Sep 2018 14:35:56 GMT" skipped="4">
  <testcase classname="mm.SignUp" name="cancel" time="29.347"/>
  <testcase classname="mm.SignUp" name="Signin">
    <skipped/>
  </testcase> <!-- Signin -->
  <testcase classname="mm.SignUp" name="women">
    <skipped/>
  </testcase> <!-- women -->
  <testcase classname="mm.SignUp" name="ForgotPassword">
    <skipped/>
  </testcase> <!-- ForgotPassword -->
  <testcase classname="mm.SignUp" name="Men">
    <skipped/>
  </testcase> <!-- Men -->
</testsuite> <!-- mm.SignUp -->
