<?xml version="1.0" encoding="UTF-8"?>
<!-- Generated by org.testng.reporters.JUnitReportReporter -->
<testsuite skipped="0" hostname="Hassan-PC" name="POM.TestCase.Verify_Fitting_Room_Popup" tests="1" failures="0" timestamp="06 Nov 2018 16:14:40 GMT" time="46.942" errors="0">
  <testcase name="validate_fitting_room_popup" time="46.942" classname="POM.TestCase.Verify_Fitting_Room_Popup"/>
</testsuite> <!-- POM.TestCase.Verify_Fitting_Room_Popup -->
