<?xml version="1.0" encoding="UTF-8"?>
<!-- Generated by org.testng.reporters.JUnitReportReporter -->
<testsuite skipped="0" hostname="Hassan-PC" name="Deployment.Verify_Login" tests="1" failures="0" timestamp="13 Dec 2018 13:24:51 GMT" time="15.563" errors="0">
  <testcase name="checkValidCredentials" time="15.563" classname="Deployment.Verify_Login"/>
</testsuite> <!-- Deployment.Verify_Login -->
