<?xml version="1.0" encoding="UTF-8"?>
<!-- Generated by org.testng.reporters.JUnitReportReporter -->
<testsuite skipped="1" hostname="Hassan-PC" name="mm.ContactUsErrorHandling" tests="2" failures="0" timestamp="19 Sep 2018 16:39:26 GMT" time="21.348" errors="0">
  <testcase name="MissingFields" time="21.348" classname="mm.ContactUsErrorHandling"/>
  <testcase name="InvalidEmail" classname="mm.ContactUsErrorHandling">
    <skipped/>
  </testcase> <!-- InvalidEmail -->
</testsuite> <!-- mm.ContactUsErrorHandling -->
