<?xml version="1.0" encoding="UTF-8"?>
<!-- Generated by org.testng.reporters.JUnitReportReporter -->
<testsuite skipped="0" hostname="Hassan-PC" name="Updated.POM.Testcases.MenTest" tests="1" failures="0" timestamp="05 Nov 2018 17:22:48 GMT" time="53.144" errors="0">
  <testcase name="validate_men" time="53.144" classname="Updated.POM.Testcases.MenTest"/>
</testsuite> <!-- Updated.POM.Testcases.MenTest -->
