<?xml version="1.0" encoding="UTF-8"?>
<!-- Generated by org.testng.reporters.JUnitReportReporter -->
<testsuite skipped="0" hostname="Hassan-PC" name="WordpressQA.Men" tests="1" failures="0" timestamp="19 Oct 2018 11:18:31 GMT" time="47.777" errors="0">
  <testcase name="men" time="47.777" classname="WordpressQA.Men"/>
</testsuite> <!-- WordpressQA.Men -->
