<?xml version="1.0" encoding="UTF-8"?>
<!-- Generated by org.testng.reporters.JUnitReportReporter -->
<testsuite skipped="3" hostname="Hassan-PC" name="WordpressQA.SignInErrorHandling" tests="5" failures="0" timestamp="04 Oct 2018 12:50:59 GMT" time="48.417" errors="0">
  <testcase name="InvalidCredentials" time="22.761" classname="WordpressQA.SignInErrorHandling"/>
  <testcase name="InvalidEmail" time="25.656" classname="WordpressQA.SignInErrorHandling"/>
  <testcase name="PasswordNotMatched" classname="WordpressQA.SignInErrorHandling">
    <skipped/>
  </testcase> <!-- PasswordNotMatched -->
  <testcase name="EmailNotFound" classname="WordpressQA.SignInErrorHandling">
    <skipped/>
  </testcase> <!-- EmailNotFound -->
  <testcase name="InvalidPwdCriteria" classname="WordpressQA.SignInErrorHandling">
    <skipped/>
  </testcase> <!-- InvalidPwdCriteria -->
</testsuite> <!-- WordpressQA.SignInErrorHandling -->
