<?xml version="1.0" encoding="UTF-8"?>
<!-- Generated by org.testng.reporters.JUnitReportReporter -->
<testsuite skipped="0" hostname="Hassan-PC" name="WordpressQA.Favourite" tests="1" failures="0" timestamp="05 Oct 2018 18:14:12 GMT" time="109.314" errors="0">
  <testcase name="AddFavourite" time="109.314" classname="WordpressQA.Favourite"/>
</testsuite> <!-- WordpressQA.Favourite -->
