<?xml version="1.0" encoding="UTF-8"?>
<!-- Generated by org.testng.reporters.JUnitReportReporter -->
<testsuite skipped="0" hostname="Hassan-PC" name="WordpressQA.SignUpErrorHandling" tests="5" failures="0" timestamp="25 Sep 2018 17:11:20 GMT" time="178.396" errors="0">
  <testcase name="InvalidEmail" time="34.579" classname="WordpressQA.SignUpErrorHandling"/>
  <testcase name="InvalidPassword" time="35.861" classname="WordpressQA.SignUpErrorHandling"/>
  <testcase name="PasswordNotMatch" time="36.900" classname="WordpressQA.SignUpErrorHandling"/>
  <testcase name="TermsNotChecked" time="33.647" classname="WordpressQA.SignUpErrorHandling"/>
  <testcase name="MissingField" time="37.409" classname="WordpressQA.SignUpErrorHandling"/>
</testsuite> <!-- WordpressQA.SignUpErrorHandling -->
