<?xml version="1.0" encoding="UTF-8"?>
<!-- Generated by org.testng.reporters.JUnitReportReporter -->
<testsuite skipped="0" hostname="Hassan-PC" name="mm.ForgotPassword" tests="1" failures="0" timestamp="01 Oct 2018 13:18:34 GMT" time="94.960" errors="0">
  <testcase name="ForgotPwd" time="94.960" classname="mm.ForgotPassword"/>
</testsuite> <!-- mm.ForgotPassword -->
