<?xml version="1.0" encoding="UTF-8"?>
<!-- Generated by org.testng.reporters.JUnitReportReporter -->
<testsuite skipped="0" hostname="Hassan-PC" name="POM.TestCase.VerifyLogin" tests="1" failures="0" timestamp="11 Oct 2018 17:19:02 GMT" time="12.038" errors="0">
  <testcase name="checkValidCredentials" time="12.038" classname="POM.TestCase.VerifyLogin"/>
</testsuite> <!-- POM.TestCase.VerifyLogin -->
