<?xml version="1.0" encoding="UTF-8"?>
<!-- Generated by org.testng.reporters.JUnitReportReporter -->
<testsuite skipped="0" hostname="Hassan-PC" name="POM.TestCase.Verify_favourite" tests="1" failures="0" timestamp="06 Nov 2018 17:19:17 GMT" time="105.396" errors="0">
  <testcase name="validate_favourite" time="105.396" classname="POM.TestCase.Verify_favourite"/>
</testsuite> <!-- POM.TestCase.Verify_favourite -->
