<?xml version="1.0" encoding="UTF-8"?>
<!-- Generated by org.testng.reporters.JUnitReportReporter -->
<testsuite hostname="Hassan-PC" failures="0" tests="7" name="mm.UnAuthenticatedHomePageQA" time="385.076" errors="0" timestamp="13 Sep 2018 11:59:50 GMT" skipped="0">
  <testcase classname="mm.UnAuthenticatedHomePageQA" name="women" time="52.706"/>
  <testcase classname="mm.UnAuthenticatedHomePageQA" name="Men" time="35.289"/>
  <testcase classname="mm.UnAuthenticatedHomePageQA" name="ForgotPassword" time="89.097"/>
  <testcase classname="mm.UnAuthenticatedHomePageQA" name="Signin" time="32.823"/>
  <testcase classname="mm.UnAuthenticatedHomePageQA" name="cancel" time="30.375"/>
  <testcase classname="mm.UnAuthenticatedHomePageQA" name="Contactus" time="32.433"/>
  <testcase classname="mm.UnAuthenticatedHomePageQA" name="Shop" time="112.353"/>
</testsuite> <!-- mm.UnAuthenticatedHomePageQA -->
