<?xml version="1.0" encoding="UTF-8"?>
<!-- Generated by org.testng.reporters.JUnitReportReporter -->
<testsuite skipped="0" hostname="Hassan-PC" name="POM.TestCase.Verify_Women" tests="1" failures="0" timestamp="26 Oct 2018 14:03:52 GMT" time="35.902" errors="0">
  <testcase name="validate_women" time="35.902" classname="POM.TestCase.Verify_Women"/>
</testsuite> <!-- POM.TestCase.Verify_Women -->
